[  0%] [0mBuilt target geometry_msgs_generate_messages_cpp[0m
[  0%] [0mBuilt target geometry_msgs_generate_messages_eus[0m
[  0%] [0mBuilt target go2_controller_xacro_generated_to_devel_space_[0m
[  0%] [0mBuilt target geometry_msgs_generate_messages_py[0m
[  0%] [0mBuilt target geometry_msgs_generate_messages_nodejs[0m
[  0%] [0mBuilt target geometry_msgs_generate_messages_lisp[0m
[  0%] [0mBuilt target std_msgs_generate_messages_cpp[0m
[  0%] [0mBuilt target std_msgs_generate_messages_eus[0m
[  0%] [0mBuilt target std_msgs_generate_messages_lisp[0m
[  0%] [0mBuilt target std_msgs_generate_messages_nodejs[0m
[  0%] [0mBuilt target roscpp_generate_messages_cpp[0m
[  0%] [0mBuilt target std_msgs_generate_messages_py[0m
[  0%] [0mBuilt target roscpp_generate_messages_eus[0m
[  0%] [0mBuilt target roscpp_generate_messages_nodejs[0m
[  0%] [0mBuilt target roscpp_generate_messages_lisp[0m
[  0%] [0mBuilt target rosgraph_msgs_generate_messages_eus[0m
[  0%] [0mBuilt target rosgraph_msgs_generate_messages_cpp[0m
[  0%] [0mBuilt target roscpp_generate_messages_py[0m
[  0%] [0mBuilt target rosgraph_msgs_generate_messages_nodejs[0m
[  0%] [0mBuilt target rosgraph_msgs_generate_messages_lisp[0m
[  0%] [0mBuilt target rosgraph_msgs_generate_messages_py[0m
[ 14%] [32mBuilding CXX object CMakeFiles/go2_controller.dir/src/Jacobians.cpp.o[0m
[ 14%] [0mBuilt target sensor_msgs_generate_messages_eus[0m
[ 14%] [0mBuilt target sensor_msgs_generate_messages_cpp[0m
[ 14%] [0mBuilt target sensor_msgs_generate_messages_lisp[0m
[ 14%] [0mBuilt target sensor_msgs_generate_messages_nodejs[0m
[ 14%] [0mBuilt target sensor_msgs_generate_messages_py[0m
[ 14%] [0mBuilt target tf_generate_messages_cpp[0m
[ 14%] [0mBuilt target tf_generate_messages_eus[0m
[ 14%] [0mBuilt target tf_generate_messages_lisp[0m
[ 14%] [0mBuilt target tf_generate_messages_nodejs[0m
[ 14%] [0mBuilt target tf_generate_messages_py[0m
[ 14%] [0mBuilt target actionlib_generate_messages_cpp[0m
[ 14%] [0mBuilt target actionlib_generate_messages_eus[0m
[ 14%] [0mBuilt target actionlib_generate_messages_nodejs[0m
[ 14%] [0mBuilt target actionlib_generate_messages_lisp[0m
[ 14%] [0mBuilt target actionlib_generate_messages_py[0m
[ 14%] [0mBuilt target actionlib_msgs_generate_messages_cpp[0m
[ 14%] [0mBuilt target actionlib_msgs_generate_messages_eus[0m
[ 14%] [0mBuilt target actionlib_msgs_generate_messages_lisp[0m
[ 14%] [0mBuilt target actionlib_msgs_generate_messages_nodejs[0m
[ 14%] [0mBuilt target actionlib_msgs_generate_messages_py[0m
[ 14%] [0mBuilt target tf2_msgs_generate_messages_cpp[0m
[ 14%] [0mBuilt target tf2_msgs_generate_messages_eus[0m
[ 14%] [0mBuilt target tf2_msgs_generate_messages_lisp[0m
[ 14%] [0mBuilt target tf2_msgs_generate_messages_nodejs[0m
[ 14%] [0mBuilt target tf2_msgs_generate_messages_py[0m
[ 14%] [0mBuilt target std_srvs_generate_messages_cpp[0m
[ 14%] [0mBuilt target gazebo_ros_gencfg[0m
[ 14%] [0mBuilt target std_srvs_generate_messages_eus[0m
[ 14%] [0mBuilt target std_srvs_generate_messages_lisp[0m
[ 14%] [0mBuilt target std_srvs_generate_messages_nodejs[0m
[ 14%] [0mBuilt target std_srvs_generate_messages_py[0m
[ 14%] [0mBuilt target dynamic_reconfigure_generate_messages_cpp[0m
[ 14%] [0mBuilt target dynamic_reconfigure_generate_messages_eus[0m
[ 14%] [0mBuilt target dynamic_reconfigure_generate_messages_lisp[0m
[ 14%] [0mBuilt target dynamic_reconfigure_generate_messages_nodejs[0m
[ 14%] [0mBuilt target dynamic_reconfigure_generate_messages_py[0m
[ 14%] [0mBuilt target gazebo_msgs_generate_messages_cpp[0m
[ 14%] [0mBuilt target dynamic_reconfigure_gencfg[0m
[ 14%] [0mBuilt target gazebo_msgs_generate_messages_eus[0m
[ 14%] [0mBuilt target gazebo_msgs_generate_messages_lisp[0m
[ 14%] [0mBuilt target gazebo_msgs_generate_messages_nodejs[0m
[ 14%] [0mBuilt target gazebo_msgs_generate_messages_py[0m
[ 14%] [0mBuilt target trajectory_msgs_generate_messages_cpp[0m
[ 14%] [0mBuilt target trajectory_msgs_generate_messages_lisp[0m
[ 14%] [0mBuilt target trajectory_msgs_generate_messages_eus[0m
[ 14%] [0mBuilt target trajectory_msgs_generate_messages_nodejs[0m
[ 14%] [0mBuilt target controller_manager_msgs_generate_messages_eus[0m
[ 14%] [0mBuilt target controller_manager_msgs_generate_messages_cpp[0m
[ 14%] [0mBuilt target trajectory_msgs_generate_messages_py[0m
[ 14%] [0mBuilt target controller_manager_msgs_generate_messages_lisp[0m
[ 14%] [0mBuilt target controller_manager_msgs_generate_messages_nodejs[0m
[ 14%] [0mBuilt target controller_manager_msgs_generate_messages_py[0m
[01m[K/home/pth/pth/model/Go2_simulator/src/controls/go2_controller/src/Jacobians.cpp:[m[K In member function ‘[01m[Kvoid go2_controller::Create_Jacobian(const VectorXd&)[m[K’:
[01m[K/home/pth/pth/model/Go2_simulator/src/controls/go2_controller/src/Jacobians.cpp:25:44:[m[K [01;31m[Kerror: [m[K‘[01m[Kpi[m[K’ was not declared in this scope
   25 |     Eigen::Matrix4d A_ROTATE = A_Matrix(0, [01;31m[Kpi[m[K/2.0, 0, pi/2.0);
      |                                            [01;31m[K^~[m[K
make[2]: *** [CMakeFiles/go2_controller.dir/build.make:121: CMakeFiles/go2_controller.dir/src/Jacobians.cpp.o] Error 1
make[1]: *** [CMakeFiles/Makefile2:2729: CMakeFiles/go2_controller.dir/all] Error 2
make: *** [Makefile:146: all] Error 2
