This file contains any messages produced by compilers while
running CMake, to aid debugging if configure makes a mistake.

It was created by hpp-fcl CMake configuration process 1.6.0, which was
generated by CMake 4.1.0.

## --------- ##
## Platform. ##
## --------- ##

hostname = pth
system = Linux-5.15.0-139-generic
processor = x86_64
generator = Unix Makefiles

PATH /opt/ros/noetic/bin
PATH /home/pth/.local/bin
PATH /home/pth/.local/bin
PATH /usr/local/sbin
PATH /usr/local/bin
PATH /usr/sbin
PATH /usr/bin
PATH /sbin
PATH /bin
PATH /usr/games
PATH /usr/local/games
PATH /snap/bin

PKG_CONFIG_PATH /home/pth/pth/model/Go2_simulator/devel/lib/pkgconfig
PKG_CONFIG_PATH /opt/ros/noetic/lib/pkgconfig

## ---------------- ##
## CMake variables. ##
## ---------------- ##

CMAKE_ROOT = /home/pth/.local/lib/python3.8/site-packages/cmake/data/share/cmake-4.1
CMAKE_INCLUDE_PATH = 
CMAKE_LIBRARY_PATH = 
CMAKE_PREFIX_PATH = 
CMAKE_INSTALL_ALWAYS = 
CMAKE_SKIP_RPATH = NO
CMAKE_SUPPRESS_REGENERATION = 
BUILD_SHARED_LIBS = 

CMAKE_INSTALL_PREFIX = /home/pth/pth/model/Go2_simulator/devel
PROJECT_SOURCE_DIR = /home/pth/pth/model/Go2_simulator/src/controls/hpp-fcl
PROJECT_SOURCE_DIR = /home/pth/pth/model/Go2_simulator/src/controls/hpp-fcl
PROJECT_BINARY_DIR = /home/pth/pth/model/Go2_simulator/build/hpp-fcl
CMAKE_BINARY_DIR = /home/pth/pth/model/Go2_simulator/build/hpp-fcl

CMAKE_AR = /usr/bin/ar
CMAKE_RANLIB = /usr/bin/ranlib
CMAKE_BUILD_TYPE = 
CMAKE_CONFIGURATION_TYPES = 
CMAKE_SHARED_LINKER_FLAGS = 

CMAKE_C_COMPILER = 
CMAKE_C_FLAGS = 
CMAKE_C_FLAGS_DEBUG = 
CMAKE_C_FLAGS_RELEASE = 
CMAKE_CXX_COMPILER = /usr/bin/c++
CMAKE_CXX_FLAGS =  -pedantic -Wno-long-long -Wall -Wextra -Wcast-align -Wcast-qual -Wformat -Wwrite-strings -Wconversion 
CMAKE_CXX_FLAGS_DEBUG = -g
CMAKE_CXX_FLAGS_RELEASE = -O3 -DNDEBUG
CMAKE_CXX_FLAGS_RELWITHDEBINFO = -O2 -g -DNDEBUG

CMAKE_STATIC_LIBRARY_PREFIX = lib
CMAKE_STATIC_LIBRARY_SUFFIX = .a
CMAKE_SHARED_LIBRARY_PREFIX = lib
CMAKE_SHARED_LIBRARY_SUFFIX = .so
CMAKE_SHARED_MODULE_PREFIX = lib
CMAKE_SHARED_MODULE_SUFFIX = .so

## ------------------ ##
## Watched variables. ##
## ------------------ ##

WARNING_CXX_FLAGS =  -pedantic -Wno-long-long -Wall -Wextra -Wcast-align -Wcast-qual -Wformat -Wwrite-strings -Wconversion
_PKG_CONFIG_FOUND = undefined
PKG_CONFIG_EXECUTABLE = /usr/bin/pkg-config
_PKG_CONFIG_PREFIX = /home/pth/pth/model/Go2_simulator/devel
_PKG_CONFIG_EXEC_PREFIX = /home/pth/pth/model/Go2_simulator/devel
_PKG_CONFIG_LIBDIR = /home/pth/pth/model/Go2_simulator/devel/lib
_PKG_CONFIG_BINDIR = /home/pth/pth/model/Go2_simulator/devel/bin
_PKG_CONFIG_PKGLIBDIR = /home/pth/pth/model/Go2_simulator/devel/lib/hpp-fcl
_PKG_CONFIG_INCLUDEDIR = /home/pth/pth/model/Go2_simulator/devel/include
_PKG_CONFIG_DATAROOTDIR = /home/pth/pth/model/Go2_simulator/devel/share
_PKG_CONFIG_PKGDATAROOTDIR = /home/pth/pth/model/Go2_simulator/devel/share
_PKG_CONFIG_DOCDIR = /home/pth/pth/model/Go2_simulator/devel/share/doc/hpp-fcl
_PKG_CONFIG_DOXYGENDOCDIR = /home/pth/pth/model/Go2_simulator/devel/share/doc/hpp-fcl/doxygen-html
_PKG_CONFIG_PROJECT_NAME = hpp-fcl
_PKG_CONFIG_DESCRIPTION = HPP fork of FCL -- The Flexible Collision Library
_PKG_CONFIG_URL = https://github.com/humanoid-path-planner/hpp-fcl
_PKG_CONFIG_VERSION = 1.6.0
_PKG_CONFIG_REQUIRES = eigen3 >= 3.0.0;octomap >= 1.6
_PKG_CONFIG_REQUIRES_DEBUG = 
_PKG_CONFIG_REQUIRES_OPTIMIZED = 
_PKG_CONFIG_COMPILE_TIME_REQUIRES = 
_PKG_CONFIG_CONFLICTS = 
_PKG_CONFIG_LIBS =  -lhpp-fcl
_PKG_CONFIG_LIBS_DEBUG = -L${libdir}
_PKG_CONFIG_LIBS_OPTIMIZED = -L${libdir}
_PKG_CONFIG_LIBS_PRIVATE = 
_PKG_CONFIG_CFLAGS = -I${includedir} -DHPP_FCL_HAVE_OCTOMAP -DFCL_HAVE_OCTOMAP -DOCTOMAP_MAJOR_VERSION=1 -DOCTOMAP_MINOR_VERSION=9 -DOCTOMAP_PATCH_VERSION=3
_PKG_CONFIG_CFLAGS_DEBUG = 
_PKG_CONFIG_CFLAGS_OPTIMIZED = 
_PKG_CONFIG_FILENAME = hpp-fcl.pc
PKG_CONFIG_EXTRA = 
DOXYGEN_SKIP_DOT = undefined
DOXYGEN_EXECUTABLE = /usr/bin/doxygen
DOXYGEN_FOUND = YES
DOXYGEN_DOT_EXECUTABLE = /usr/bin/dot
DOXYGEN_DOT_FOUND = YES
DOXYGEN_DOT_PATH = /usr/bin
DOXYGEN_DOT_IMAGE_FORMAT = undefined
DOXYGEN_USE_MATHJAX = YES
DOXYGEN_USE_TEMPLATE_CSS = TRUE
## ---------------- ##
## Watched targets. ##
## ---------------- ##

