Traceback (most recent call last):
  File "/usr/lib/python3/dist-packages/catkin_tools/execution/executor.py", line 104, in async_job
    transport, logger = await (
  File "/usr/lib/python3/dist-packages/osrf_pycommon/process_utils/async_execute_process_asyncio/impl.py", line 135, in async_execute_process
    transport, protocol = await _async_execute_process_pty(
  File "/usr/lib/python3/dist-packages/osrf_pycommon/process_utils/async_execute_process_asyncio/impl.py", line 78, in _async_execute_process_pty
    transport, protocol = await loop.subprocess_exec(
  File "/usr/lib/python3.8/asyncio/base_events.py", line 1630, in subprocess_exec
    transport = await self._make_subprocess_transport(
  File "/usr/lib/python3.8/asyncio/unix_events.py", line 202, in _make_subprocess_transport
    watcher.add_child_handler(transp.get_pid(),
  File "/usr/lib/python3.8/asyncio/unix_events.py", line 1303, in add_child_handler
    thread.start()
  File "/usr/lib/python3.8/threading.py", line 857, in start
    self._started.wait()
  File "/usr/lib/python3.8/threading.py", line 558, in wait
    signaled = self._cond.wait(timeout)
  File "/usr/lib/python3.8/threading.py", line 302, in wait
    waiter.acquire()
KeyboardInterrupt

