Not searching for unused variables given on the command line.
[0mCMake Deprecation Warning at CMakeLists.txt:35 (cmake_minimum_required):
  Compatibility with CMake < 3.10 will be removed from a future version of
  CMake.

  Update the VERSION argument <min> value.  Or, use the <min>...<max> syntax
  to tell CMake that the project requires at least <min> but has been updated
  to work with policies introduced by <max> or earlier.

[0m
[36m--[0m Found PkgConfig: /usr/bin/pkg-config (found version "0.29.1")
[36m--[0m Package version (ROS package.xml): 1.6.0
[36m--[0m The CXX compiler identification is GNU 9.4.0
[36m--[0m Detecting CXX compiler ABI info
[36m--[0m Detecting CXX compiler ABI info - done
[36m--[0m Check for working CXX compiler: /usr/bin/c++ - skipped
[36m--[0m Detecting CXX compile features
[36m--[0m Detecting CXX compile features - done
[36m--[0m Performing Test R-pedantic
[36m--[0m Performing Test R-pedantic - Success
[36m--[0m Performing Test R-Wno-long-long
[36m--[0m Performing Test R-Wno-long-long - Success
[36m--[0m Performing Test R-Wall
[36m--[0m Performing Test R-Wall - Success
[36m--[0m Performing Test R-Wextra
[36m--[0m Performing Test R-Wextra - Success
[36m--[0m Performing Test R-Wcast-align
[36m--[0m Performing Test R-Wcast-align - Success
[36m--[0m Performing Test R-Wcast-qual
[36m--[0m Performing Test R-Wcast-qual - Success
[36m--[0m Performing Test R-Wformat
[36m--[0m Performing Test R-Wformat - Success
[36m--[0m Performing Test R-Wwrite-strings
[36m--[0m Performing Test R-Wwrite-strings - Success
[36m--[0m Performing Test R-Wconversion
[36m--[0m Performing Test R-Wconversion - Success
[36m--[0m Found Doxygen: /usr/bin/doxygen (found version "1.8.17") found components: doxygen dot
[33mCMake Warning (dev) at cmake/package-config.cmake:84 (find_package):
  Policy CMP0167 is not set: The FindBoost module is removed.  Run "cmake
  --help-policy CMP0167" for policy details.  Use the cmake_policy command to
  set the policy and suppress this warning.

[36mCall Stack (most recent call first):[0m
  CMakeLists.txt:81 (ADD_PROJECT_DEPENDENCY)
This warning is for project developers.  Use -Wno-dev to suppress it.
[0m
[36m--[0m Found Boost: /usr/include (found version "1.71.0")
[36m--[0m FCL uses Octomap
[36m--[0m Found asset importer library: /usr/lib/x86_64-linux-gnu/libassimp.so
[36m--[0m Failed to find latex/dvips/gs, will use MathJax backend.
[36m--[0m Doxygen rendering: using MathJax backend
[36m--[0m Configuring done (1.0s)
[36m--[0m Generating done (0.0s)
[36m--[0m Build files have been written to: /home/pth/pth/model/Go2_simulator/build/hpp-fcl
